d:\download\learnopengl\build\glitter.dir\debug\vc143.pdb
d:\download\learnopengl\build\glitter.dir\debug\hellworld.obj
d:\download\learnopengl\build\glitter.dir\debug\hello_triangle.obj
d:\download\learnopengl\build\glitter.dir\debug\hello_rect.obj
d:\download\learnopengl\build\glitter.dir\debug\hello_camera.obj
d:\download\learnopengl\build\glitter.dir\debug\geometry_shader_normals.obj
d:\download\learnopengl\build\glitter.dir\debug\geometry_shader_houses.obj
d:\download\learnopengl\build\glitter.dir\debug\geometry_shader_exploding.obj
d:\download\learnopengl\build\glitter.dir\debug\func.obj
d:\download\learnopengl\build\glitter.dir\debug\framebuffers.obj
d:\download\learnopengl\build\glitter.dir\debug\dynamic_star_eff.obj
d:\download\learnopengl\build\glitter.dir\debug\dynamic_exploding_eff.obj
d:\download\learnopengl\build\glitter.dir\debug\cubemaps_skybox.obj
d:\download\learnopengl\build\glitter.dir\debug\cubemaps_environment_mapping.obj
d:\download\learnopengl\build\glitter.dir\debug\coordinate_systems.obj
d:\download\learnopengl\build\glitter.dir\debug\blending_sorted.obj
d:\download\learnopengl\build\glitter.dir\debug\basic_lighting_diffuse.obj
d:\download\learnopengl\build\glitter.dir\debug\anti_aliasing_multisampling.obj
d:\download\learnopengl\build\glitter.dir\debug\dynamicspreadeffect.obj
d:\download\learnopengl\build\glitter.dir\debug\colors.obj
d:\download\learnopengl\build\glitter.dir\debug\circlespreadeff.obj
d:\download\learnopengl\build\glitter.dir\debug\transformations.obj
d:\download\learnopengl\build\glitter.dir\debug\textures.obj
d:\download\learnopengl\build\glitter.dir\debug\stencil_testing.obj
d:\download\learnopengl\build\glitter.dir\debug\star_eff.obj
d:\download\learnopengl\build\glitter.dir\debug\shadow_mapping_depth.obj
d:\download\learnopengl\build\glitter.dir\debug\shaders_uniform.obj
d:\download\learnopengl\build\glitter.dir\debug\shaders_interpolation.obj
d:\download\learnopengl\build\glitter.dir\debug\shaders_class.obj
d:\download\learnopengl\build\glitter.dir\debug\model_loading.obj
d:\download\learnopengl\build\glitter.dir\debug\materials.obj
d:\download\learnopengl\build\glitter.dir\debug\main.obj
d:\download\learnopengl\build\glitter.dir\debug\lighting_maps_specular_map.obj
d:\download\learnopengl\build\glitter.dir\debug\lighting_maps_diffuse.obj
d:\download\learnopengl\build\glitter.dir\debug\light_multiple.obj
d:\download\learnopengl\build\glitter.dir\debug\light_casters_spot_soft.obj
d:\download\learnopengl\build\glitter.dir\debug\light_casters_spot.obj
d:\download\learnopengl\build\glitter.dir\debug\light_casters_point.obj
d:\download\learnopengl\build\glitter.dir\debug\light_casters_directional.obj
d:\download\learnopengl\build\glitter.dir\debug\instancing_quads.obj
d:\download\glitter\build\glitter.dir\debug\vc143.pdb
d:\download\glitter\build\glitter.dir\debug\model.obj
d:\download\glitter\build\glitter.dir\debug\glad.obj
d:\download\learnopengl\build\glitter\debug\glitter.exe
d:\download\glitter\build\glitter.dir\debug\glitter.ilk
d:\download\learnopengl\build\glitter\debug\glitter.pdb
d:\download\glitter\build\glitter.dir\debug\anti_aliasing_multisampling.obj
d:\download\glitter\build\glitter.dir\debug\basic_lighting_diffuse.obj
d:\download\glitter\build\glitter.dir\debug\blending_sorted.obj
d:\download\glitter\build\glitter.dir\debug\circlespreadeff.obj
d:\download\glitter\build\glitter.dir\debug\colors.obj
d:\download\glitter\build\glitter.dir\debug\coordinate_systems.obj
d:\download\glitter\build\glitter.dir\debug\cubemaps_environment_mapping.obj
d:\download\glitter\build\glitter.dir\debug\cubemaps_skybox.obj
d:\download\glitter\build\glitter.dir\debug\dynamicspreadeffect.obj
d:\download\glitter\build\glitter.dir\debug\dynamic_exploding_eff.obj
d:\download\glitter\build\glitter.dir\debug\dynamic_star_eff.obj
d:\download\glitter\build\glitter.dir\debug\framebuffers.obj
d:\download\glitter\build\glitter.dir\debug\func.obj
d:\download\glitter\build\glitter.dir\debug\geometry_shader_exploding.obj
d:\download\glitter\build\glitter.dir\debug\geometry_shader_houses.obj
d:\download\glitter\build\glitter.dir\debug\geometry_shader_normals.obj
d:\download\glitter\build\glitter.dir\debug\hello_camera.obj
d:\download\glitter\build\glitter.dir\debug\hello_rect.obj
d:\download\glitter\build\glitter.dir\debug\hello_triangle.obj
d:\download\glitter\build\glitter.dir\debug\hellworld.obj
d:\download\glitter\build\glitter.dir\debug\instancing_quads.obj
d:\download\glitter\build\glitter.dir\debug\lighting_maps_diffuse.obj
d:\download\glitter\build\glitter.dir\debug\lighting_maps_specular_map.obj
d:\download\glitter\build\glitter.dir\debug\light_casters_directional.obj
d:\download\glitter\build\glitter.dir\debug\light_casters_point.obj
d:\download\glitter\build\glitter.dir\debug\light_casters_spot.obj
d:\download\glitter\build\glitter.dir\debug\light_casters_spot_soft.obj
d:\download\glitter\build\glitter.dir\debug\light_multiple.obj
d:\download\glitter\build\glitter.dir\debug\main.obj
d:\download\glitter\build\glitter.dir\debug\materials.obj
d:\download\glitter\build\glitter.dir\debug\model_loading.obj
d:\download\glitter\build\glitter.dir\debug\shaders_class.obj
d:\download\glitter\build\glitter.dir\debug\shaders_interpolation.obj
d:\download\glitter\build\glitter.dir\debug\shaders_uniform.obj
d:\download\glitter\build\glitter.dir\debug\shadow_mapping_depth.obj
d:\download\glitter\build\glitter.dir\debug\star_eff.obj
d:\download\glitter\build\glitter.dir\debug\stencil_testing.obj
d:\download\glitter\build\glitter.dir\debug\textures.obj
d:\download\glitter\build\glitter.dir\debug\transformations.obj
d:\download\glitter\build\glitter.dir\debug\glitter.tlog\cl.command.1.tlog
d:\download\glitter\build\glitter.dir\debug\glitter.tlog\cl.items.tlog
d:\download\glitter\build\glitter.dir\debug\glitter.tlog\cl.read.1.tlog
d:\download\glitter\build\glitter.dir\debug\glitter.tlog\cl.write.1.tlog
d:\download\glitter\build\glitter.dir\debug\glitter.tlog\link.command.1.tlog
d:\download\glitter\build\glitter.dir\debug\glitter.tlog\link.read.1.tlog
d:\download\glitter\build\glitter.dir\debug\glitter.tlog\link.write.1.tlog
